Fri Dec 23 04:58:21 2016 UTC - GameOverlay process started: pid: 16308
Fri Dec 23 04:58:21 2016 UTC - GameOverlay process connecting to: pid: 8660
Fri Dec 23 04:58:21 2016 UTC - BuildID: 1482202190
Fri Dec 23 04:58:21 2016 UTC - Steam Path: E:\Program Files (x86)\Steam
Fri Dec 23 04:58:21 2016 UTC - Errors in resource\styles\gameoverlay.styles:
error loading file 'reset.styles', no such file
Fri Dec 23 04:58:21 2016 UTC - Error: texture file 'none' does not exist or is invalid
Fri Dec 23 04:58:21 2016 UTC - Errors in resource\layout\friendpanel.layout:
key 'font-size' set in style with no 'font-family' set
Fri Dec 23 04:58:21 2016 UTC - Errors in resource\layout\friendpanel_rightaligned.layout:
key 'font-size' set in style with no 'font-family' set
Fri Dec 23 04:58:21 2016 UTC - Errors in resource\layout\friendpanel.layout:
key 'font-size' set in style with no 'font-family' set
Fri Dec 23 04:58:25 2016 UTC - Generating new string page texture 2745: 128x256, total string texture memory is 131.07 KB
Fri Dec 23 04:58:25 2016 UTC - Generating new string page texture 2746: 256x256, total string texture memory is 393.22 KB
Fri Dec 23 04:58:33 2016 UTC - Errors in resource\layout\friendpanel.layout:
key 'font-size' set in style with no 'font-family' set
Fri Dec 23 04:58:33 2016 UTC - Generating new string page texture 2762: 384x256, total string texture memory is 786.43 KB
Fri Dec 23 04:58:33 2016 UTC - Generating new string page texture 2763: 64x256, total string texture memory is 851.97 KB
Fri Dec 23 04:58:33 2016 UTC - Generating new string page texture 2764: 256x256, total string texture memory is 1.11 MB
Fri Dec 23 04:58:33 2016 UTC - Generating new string page texture 2765: 128x256, total string texture memory is 1.25 MB
Fri Dec 23 04:58:33 2016 UTC - Generating new string page texture 2766: 48x256, total string texture memory is 1.29 MB
Fri Dec 23 04:58:34 2016 UTC - Overlay disable requested by game
Fri Dec 23 04:59:44 2016 UTC - Generating new string page texture 2778: 16x256, total string texture memory is 1.31 MB
Fri Dec 23 04:59:44 2016 UTC - Generating new string page texture 2779: 24x256, total string texture memory is 1.34 MB
Fri Dec 23 05:12:42 2016 UTC - Warning: The game hasn't rendered a frame from us in over 10 seconds
Fri Dec 23 05:12:52 2016 UTC - Warning: The game hasn't rendered a frame from us in over 10 seconds
Fri Dec 23 05:13:02 2016 UTC - Warning: The game hasn't rendered a frame from us in over 10 seconds
Fri Dec 23 05:13:12 2016 UTC - Warning: The game hasn't rendered a frame from us in over 10 seconds
Fri Dec 23 05:13:22 2016 UTC - Warning: The game hasn't rendered a frame from us in over 10 seconds
Fri Dec 23 05:13:32 2016 UTC - Warning: The game hasn't rendered a frame from us in over 10 seconds
Fri Dec 23 05:13:42 2016 UTC - Warning: The game hasn't rendered a frame from us in over 10 seconds
Fri Dec 23 05:13:53 2016 UTC - Warning: The game hasn't rendered a frame from us in over 10 seconds
Fri Dec 23 05:14:03 2016 UTC - Warning: The game hasn't rendered a frame from us in over 10 seconds
Fri Dec 23 05:14:13 2016 UTC - Warning: The game hasn't rendered a frame from us in over 10 seconds
Fri Dec 23 05:14:23 2016 UTC - Warning: The game hasn't rendered a frame from us in over 10 seconds
Fri Dec 23 05:14:33 2016 UTC - Warning: The game hasn't rendered a frame from us in over 10 seconds
Fri Dec 23 05:14:43 2016 UTC - Warning: The game hasn't rendered a frame from us in over 10 seconds
Fri Dec 23 05:14:54 2016 UTC - Warning: The game hasn't rendered a frame from us in over 10 seconds
Fri Dec 23 05:15:04 2016 UTC - Warning: The game hasn't rendered a frame from us in over 10 seconds
Fri Dec 23 05:15:14 2016 UTC - Warning: The game hasn't rendered a frame from us in over 10 seconds
Fri Dec 23 05:15:24 2016 UTC - Warning: The game hasn't rendered a frame from us in over 10 seconds
Fri Dec 23 05:15:34 2016 UTC - Warning: The game hasn't rendered a frame from us in over 10 seconds
Fri Dec 23 05:15:45 2016 UTC - Warning: The game hasn't rendered a frame from us in over 10 seconds
Fri Dec 23 05:15:55 2016 UTC - Warning: The game hasn't rendered a frame from us in over 10 seconds
Fri Dec 23 05:16:05 2016 UTC - Warning: The game hasn't rendered a frame from us in over 10 seconds
Fri Dec 23 05:16:15 2016 UTC - Warning: The game hasn't rendered a frame from us in over 10 seconds
Fri Dec 23 05:16:25 2016 UTC - Warning: The game hasn't rendered a frame from us in over 10 seconds
Fri Dec 23 05:16:35 2016 UTC - Warning: The game hasn't rendered a frame from us in over 10 seconds
Fri Dec 23 05:16:46 2016 UTC - Warning: The game hasn't rendered a frame from us in over 10 seconds
Fri Dec 23 05:16:56 2016 UTC - Warning: The game hasn't rendered a frame from us in over 10 seconds
Fri Dec 23 05:17:06 2016 UTC - Warning: The game hasn't rendered a frame from us in over 10 seconds
Fri Dec 23 05:17:16 2016 UTC - Warning: The game hasn't rendered a frame from us in over 10 seconds
Fri Dec 23 05:17:26 2016 UTC - Warning: The game hasn't rendered a frame from us in over 10 seconds
Fri Dec 23 05:17:36 2016 UTC - Warning: The game hasn't rendered a frame from us in over 10 seconds
Fri Dec 23 05:17:47 2016 UTC - Warning: The game hasn't rendered a frame from us in over 10 seconds
Fri Dec 23 05:17:57 2016 UTC - Warning: The game hasn't rendered a frame from us in over 10 seconds
Fri Dec 23 05:18:07 2016 UTC - Warning: The game hasn't rendered a frame from us in over 10 seconds
Fri Dec 23 05:18:17 2016 UTC - Warning: The game hasn't rendered a frame from us in over 10 seconds
Fri Dec 23 05:18:27 2016 UTC - Warning: The game hasn't rendered a frame from us in over 10 seconds
Fri Dec 23 05:18:37 2016 UTC - Warning: The game hasn't rendered a frame from us in over 10 seconds
Fri Dec 23 05:18:48 2016 UTC - Warning: The game hasn't rendered a frame from us in over 10 seconds
Fri Dec 23 05:18:58 2016 UTC - Warning: The game hasn't rendered a frame from us in over 10 seconds
Fri Dec 23 05:19:08 2016 UTC - Warning: The game hasn't rendered a frame from us in over 10 seconds
Fri Dec 23 05:19:18 2016 UTC - Warning: The game hasn't rendered a frame from us in over 10 seconds
Fri Dec 23 05:19:28 2016 UTC - Warning: The game hasn't rendered a frame from us in over 10 seconds
Fri Dec 23 05:19:38 2016 UTC - Warning: The game hasn't rendered a frame from us in over 10 seconds
Fri Dec 23 05:19:49 2016 UTC - Warning: The game hasn't rendered a frame from us in over 10 seconds
Fri Dec 23 05:19:59 2016 UTC - Warning: The game hasn't rendered a frame from us in over 10 seconds
Fri Dec 23 05:20:09 2016 UTC - Warning: The game hasn't rendered a frame from us in over 10 seconds
Fri Dec 23 05:20:19 2016 UTC - Warning: The game hasn't rendered a frame from us in over 10 seconds
Fri Dec 23 05:20:23 2016 UTC - Detected possibly crashed/killed game, exiting
Fri Dec 23 05:20:23 2016 UTC - Shutting down overlay
